g:\github\cpp\numerical analysis\consoleapplication2\consoleapplication2\debug\consoleapplication2.pch.codeanalysis
g:\github\cpp\numerical analysis\consoleapplication2\consoleapplication2\debug\vc140.pdb
g:\github\cpp\numerical analysis\consoleapplication2\consoleapplication2\debug\vc140.idb
g:\github\cpp\numerical analysis\consoleapplication2\consoleapplication2\debug\consoleapplication2.pch.codeanalysisast
g:\github\cpp\numerical analysis\consoleapplication2\consoleapplication2\debug\stdafx.nativecodeanalysis.xml
g:\github\cpp\numerical analysis\consoleapplication2\consoleapplication2\debug\stdafx.obj
g:\github\cpp\numerical analysis\consoleapplication2\consoleapplication2\debug\consoleapplication2.pch
g:\github\cpp\numerical analysis\consoleapplication2\consoleapplication2\debug\consoleapplication2.nativecodeanalysis.xml
g:\github\cpp\numerical analysis\consoleapplication2\consoleapplication2\debug\horner.nativecodeanalysis.xml
g:\github\cpp\numerical analysis\consoleapplication2\consoleapplication2\debug\polynomial.nativecodeanalysis.xml
g:\github\cpp\numerical analysis\consoleapplication2\consoleapplication2\debug\term.nativecodeanalysis.xml
g:\github\cpp\numerical analysis\consoleapplication2\consoleapplication2\debug\term.obj
g:\github\cpp\numerical analysis\consoleapplication2\consoleapplication2\debug\polynomial.obj
g:\github\cpp\numerical analysis\consoleapplication2\consoleapplication2\debug\horner.obj
g:\github\cpp\numerical analysis\consoleapplication2\consoleapplication2\debug\consoleapplication2.obj
g:\github\cpp\numerical analysis\consoleapplication2\debug\consoleapplication2.ilk
g:\github\cpp\numerical analysis\consoleapplication2\debug\consoleapplication2.exe
g:\github\cpp\numerical analysis\consoleapplication2\debug\consoleapplication2.pdb
g:\github\cpp\numerical analysis\consoleapplication2\consoleapplication2\debug\nativecodeanalysis.read.1.tlog
g:\github\cpp\numerical analysis\consoleapplication2\consoleapplication2\debug\vc.nativecodeanalysis.all.xml
g:\github\cpp\numerical analysis\consoleapplication2\debug\consoleapplication2.exe.lastcodeanalysissucceeded
g:\github\cpp\numerical analysis\consoleapplication2\consoleapplication2\debug\consolea.38dafc37.tlog\cl.command.1.tlog
g:\github\cpp\numerical analysis\consoleapplication2\consoleapplication2\debug\consolea.38dafc37.tlog\cl.read.1.tlog
g:\github\cpp\numerical analysis\consoleapplication2\consoleapplication2\debug\consolea.38dafc37.tlog\cl.write.1.tlog
g:\github\cpp\numerical analysis\consoleapplication2\consoleapplication2\debug\consolea.38dafc37.tlog\link.command.1.tlog
g:\github\cpp\numerical analysis\consoleapplication2\consoleapplication2\debug\consolea.38dafc37.tlog\link.read.1.tlog
g:\github\cpp\numerical analysis\consoleapplication2\consoleapplication2\debug\consolea.38dafc37.tlog\link.write.1.tlog
